<?xml version="1.0" encoding="UTF-8"?>
<testng-results ignored="0" total="1" passed="1" failed="0" skipped="0">
  <reporter-output>
  </reporter-output>
  <suite started-at="2020-01-01T09:33:27Z" name="Default suite" finished-at="2020-01-01T09:33:47Z" duration-ms="20545">
    <groups>
    </groups>
    <test started-at="2020-01-01T09:33:27Z" name="Default test" finished-at="2020-01-01T09:33:47Z" duration-ms="20545">
      <class name="WebAutomation.WebAutomation.MyClassTest">
        <test-method is-config="true" signature="BeforeTest()[pri:0, instance:WebAutomation.WebAutomation.MyClassTest@1a8df0b3]" started-at="2020-01-01T09:33:27Z" name="BeforeTest" finished-at="2020-01-01T09:33:42Z" duration-ms="15075" status="PASS">
          <reporter-output>
          </reporter-output>
        </test-method> <!-- BeforeTest -->
        <test-method signature="LoginTest()[pri:0, instance:WebAutomation.WebAutomation.MyClassTest@1a8df0b3]" started-at="2020-01-01T09:33:42Z" name="LoginTest" description="This is my Login Test" finished-at="2020-01-01T09:33:46Z" duration-ms="4118" status="PASS">
          <reporter-output>
          </reporter-output>
        </test-method> <!-- LoginTest -->
        <test-method is-config="true" signature="AfterTest()[pri:0, instance:WebAutomation.WebAutomation.MyClassTest@1a8df0b3]" started-at="2020-01-01T09:33:46Z" name="AfterTest" finished-at="2020-01-01T09:33:47Z" duration-ms="1241" status="PASS">
          <reporter-output>
          </reporter-output>
        </test-method> <!-- AfterTest -->
      </class> <!-- WebAutomation.WebAutomation.MyClassTest -->
    </test> <!-- Default test -->
  </suite> <!-- Default suite -->
</testng-results>
